<?xml version="1.0" encoding="UTF-8"?>
<!-- Generated by org.testng.reporters.JUnitReportReporter -->
<testsuite hostname="Rahul" failures="0" tests="1" name="testclasses.LoginPageTest" time="3.951" errors="0" timestamp="2024-08-23T14:58:38 IST" skipped="0">
  <testcase classname="testclasses.LoginPageTest" name="loginWithCorrectCreditial" time="3.951"/>
</testsuite> <!-- testclasses.LoginPageTest -->
